2016/07/12 10:42:56 [error] [exception.CHttpException.404] exception 'CHttpException' with message 'The system is unable to find the requested action "checklsbooking".' in /Users/cc/Sites/EmployeeSyStem/framework/web/CController.php:483
Stack trace:
#0 /Users/cc/Sites/EmployeeSyStem/framework/web/CController.php(270): CController->missingAction('checklsbooking')
#1 /Users/cc/Sites/EmployeeSyStem/framework/web/CWebApplication.php(282): CController->run('checklsbooking')
#2 /Users/cc/Sites/EmployeeSyStem/framework/web/CWebApplication.php(141): CWebApplication->runController('data/checklsboo...')
#3 /Users/cc/Sites/EmployeeSyStem/framework/base/CApplication.php(185): CWebApplication->processRequest()
#4 /Users/cc/Sites/EmployeeSyStem/index.php(13): CApplication->run()
#5 {main}
REQUEST_URI=/data/checklsbooking
HTTP_REFERER=http://www.employee.com/data/data_log
---
2016/07/12 10:43:57 [error] [exception.CHttpException.404] exception 'CHttpException' with message 'The system is unable to find the requested action "checklsbooking".' in /Users/cc/Sites/EmployeeSyStem/framework/web/CController.php:483
Stack trace:
#0 /Users/cc/Sites/EmployeeSyStem/framework/web/CController.php(270): CController->missingAction('checklsbooking')
#1 /Users/cc/Sites/EmployeeSyStem/framework/web/CWebApplication.php(282): CController->run('checklsbooking')
#2 /Users/cc/Sites/EmployeeSyStem/framework/web/CWebApplication.php(141): CWebApplication->runController('data/checklsboo...')
#3 /Users/cc/Sites/EmployeeSyStem/framework/base/CApplication.php(185): CWebApplication->processRequest()
#4 /Users/cc/Sites/EmployeeSyStem/index.php(13): CApplication->run()
#5 {main}
REQUEST_URI=/data/checklsbooking
HTTP_REFERER=http://www.employee.com/data/data_log
---
